<?xml version="1.0" encoding="UTF-8"?>
<!-- Generated by org.testng.reporters.JUnitXMLReporter -->
<testsuite ignored="0" hostname="LTIN507848" failures="4" tests="4" name="DistrictTest - Edge" time="21.214" errors="0" timestamp="2025-07-11T16:31:10 IST">
  <testcase classname="io.cucumber.testng.AbstractTestNGCucumberTests" name="runScenario" time="0.101">
    <failure type="io.cucumber.testng.UndefinedStepException" message="The step &amp;apos;user is on the district home page&amp;apos; and 3 other step(s) are undefined.
You can implement these steps using the snippet(s) below:

@Given(&amp;quot;user is on the district home page&amp;quot;)
public void user_is_on_the_district_home_page() {
    // Write code here that turns the phrase above into concrete actions
    throw new io.cucumber.java.PendingException();
}
@When(&amp;quot;user clicks the location button&amp;quot;)
public void user_clicks_the_location_button() {
    // Write code here that turns the phrase above into concrete actions
    throw new io.cucumber.java.PendingException();
}
@When(&amp;quot;clicks the Pune location&amp;quot;)
public void clicks_the_pune_location() {
    // Write code here that turns the phrase above into concrete actions
    throw new io.cucumber.java.PendingException();
}
@Then(&amp;quot;the location should be changed to Pune&amp;quot;)
public void the_location_should_be_changed_to_pune() {
    // Write code here that turns the phrase above into concrete actions
    throw new io.cucumber.java.PendingException();
}
">
      <![CDATA[io.cucumber.testng.UndefinedStepException: The step 'user is on the district home page' and 3 other step(s) are undefined.
You can implement these steps using the snippet(s) below:

@Given("user is on the district home page")
public void user_is_on_the_district_home_page() {
    // Write code here that turns the phrase above into concrete actions
    throw new io.cucumber.java.PendingException();
}
@When("user clicks the location button")
public void user_clicks_the_location_button() {
    // Write code here that turns the phrase above into concrete actions
    throw new io.cucumber.java.PendingException();
}
@When("clicks the Pune location")
public void clicks_the_pune_location() {
    // Write code here that turns the phrase above into concrete actions
    throw new io.cucumber.java.PendingException();
}
@Then("the location should be changed to Pune")
public void the_location_should_be_changed_to_pune() {
    // Write code here that turns the phrase above into concrete actions
    throw new io.cucumber.java.PendingException();
}

at ✽.user is on the district home page(file:///C:/Users/2403740/ProTester-Hackathon-Project/Hackathon_Project/./src/test/resources/features/Test1_HomePage.feature:4)
]]>
    </failure>
  </testcase> <!-- runScenario -->
  <testcase classname="io.cucumber.testng.AbstractTestNGCucumberTests" name="runScenario" time="0.008">
    <failure type="io.cucumber.testng.UndefinedStepException" message="The step &amp;apos;Open the activity page&amp;apos; and 2 other step(s) are undefined.
You can implement these steps using the snippet(s) below:

@Given(&amp;quot;Open the activity page&amp;quot;)
public void open_the_activity_page() {
    // Write code here that turns the phrase above into concrete actions
    throw new io.cucumber.java.PendingException();
}
@When(&amp;quot;Getting all the activities coming in weekends and sort in lowest price order&amp;quot;)
public void getting_all_the_activities_coming_in_weekends_and_sort_in_lowest_price_order() {
    // Write code here that turns the phrase above into concrete actions
    throw new io.cucumber.java.PendingException();
}
@Then(&amp;quot;Print all the activities extracted&amp;quot;)
public void print_all_the_activities_extracted() {
    // Write code here that turns the phrase above into concrete actions
    throw new io.cucumber.java.PendingException();
}
">
      <![CDATA[io.cucumber.testng.UndefinedStepException: The step 'Open the activity page' and 2 other step(s) are undefined.
You can implement these steps using the snippet(s) below:

@Given("Open the activity page")
public void open_the_activity_page() {
    // Write code here that turns the phrase above into concrete actions
    throw new io.cucumber.java.PendingException();
}
@When("Getting all the activities coming in weekends and sort in lowest price order")
public void getting_all_the_activities_coming_in_weekends_and_sort_in_lowest_price_order() {
    // Write code here that turns the phrase above into concrete actions
    throw new io.cucumber.java.PendingException();
}
@Then("Print all the activities extracted")
public void print_all_the_activities_extracted() {
    // Write code here that turns the phrase above into concrete actions
    throw new io.cucumber.java.PendingException();
}

at ✽.Open the activity page(file:///C:/Users/2403740/ProTester-Hackathon-Project/Hackathon_Project/./src/test/resources/features/Test2_ActivityPage.feature:4)
]]>
    </failure>
  </testcase> <!-- runScenario -->
  <testcase classname="io.cucumber.testng.AbstractTestNGCucumberTests" name="runScenario" time="0.007">
    <failure type="io.cucumber.testng.UndefinedStepException" message="The step &amp;apos;Open the movies page&amp;apos; and 2 other step(s) are undefined.
You can implement these steps using the snippet(s) below:

@Given(&amp;quot;Open the movies page&amp;quot;)
public void open_the_movies_page() {
    // Write code here that turns the phrase above into concrete actions
    throw new io.cucumber.java.PendingException();
}
@When(&amp;quot;Getting all the languages of movies present&amp;quot;)
public void getting_all_the_languages_of_movies_present() {
    // Write code here that turns the phrase above into concrete actions
    throw new io.cucumber.java.PendingException();
}
@Then(&amp;quot;print all the languages extracted&amp;quot;)
public void print_all_the_languages_extracted() {
    // Write code here that turns the phrase above into concrete actions
    throw new io.cucumber.java.PendingException();
}
">
      <![CDATA[io.cucumber.testng.UndefinedStepException: The step 'Open the movies page' and 2 other step(s) are undefined.
You can implement these steps using the snippet(s) below:

@Given("Open the movies page")
public void open_the_movies_page() {
    // Write code here that turns the phrase above into concrete actions
    throw new io.cucumber.java.PendingException();
}
@When("Getting all the languages of movies present")
public void getting_all_the_languages_of_movies_present() {
    // Write code here that turns the phrase above into concrete actions
    throw new io.cucumber.java.PendingException();
}
@Then("print all the languages extracted")
public void print_all_the_languages_extracted() {
    // Write code here that turns the phrase above into concrete actions
    throw new io.cucumber.java.PendingException();
}

at ✽.Open the movies page(file:///C:/Users/2403740/ProTester-Hackathon-Project/Hackathon_Project/./src/test/resources/features/Test3_MoviePage.feature:4)
]]>
    </failure>
  </testcase> <!-- runScenario -->
  <testcase classname="io.cucumber.testng.AbstractTestNGCucumberTests" name="runScenario" time="0.006">
    <failure type="io.cucumber.testng.UndefinedStepException" message="The step &amp;apos;Open User page&amp;apos; and 2 other step(s) are undefined.
You can implement these steps using the snippet(s) below:

@Given(&amp;quot;Open User page&amp;quot;)
public void open_user_page() {
    // Write code here that turns the phrase above into concrete actions
    throw new io.cucumber.java.PendingException();
}
@When(&amp;quot;Clicked submit without filling phone number&amp;quot;)
public void clicked_submit_without_filling_phone_number() {
    // Write code here that turns the phrase above into concrete actions
    throw new io.cucumber.java.PendingException();
}
@Then(&amp;quot;Print the error message shown&amp;quot;)
public void print_the_error_message_shown() {
    // Write code here that turns the phrase above into concrete actions
    throw new io.cucumber.java.PendingException();
}
">
      <![CDATA[io.cucumber.testng.UndefinedStepException: The step 'Open User page' and 2 other step(s) are undefined.
You can implement these steps using the snippet(s) below:

@Given("Open User page")
public void open_user_page() {
    // Write code here that turns the phrase above into concrete actions
    throw new io.cucumber.java.PendingException();
}
@When("Clicked submit without filling phone number")
public void clicked_submit_without_filling_phone_number() {
    // Write code here that turns the phrase above into concrete actions
    throw new io.cucumber.java.PendingException();
}
@Then("Print the error message shown")
public void print_the_error_message_shown() {
    // Write code here that turns the phrase above into concrete actions
    throw new io.cucumber.java.PendingException();
}

at ✽.Open User page(file:///C:/Users/2403740/ProTester-Hackathon-Project/Hackathon_Project/./src/test/resources/features/Test4_SignInPage.feature:4)
]]>
    </failure>
  </testcase> <!-- runScenario -->
</testsuite> <!-- DistrictTest - Edge -->
